# JRE version: OpenJDK Runtime Environment Corretto-24.0.2.12.1 (24.0.2+12) (build 24.0.2+12-FR)
# Java VM: OpenJDK 64-Bit Server VM Corretto-24.0.2.12.1 (24.0.2+12-FR, mixed mode, sharing, tiered, compressed oops, compressed class ptrs, g1 gc, windows-amd64)
GC Precious Log:
 CardTable entry size: 512
 Card Set container configuration: InlinePtr #cards 4 size 8 Array Of Cards #cards 16 size 48 Howl #buckets 8 coarsen threshold 3686 Howl Bitmap #cards 512 size 80 coarsen threshold 460 Card regions per heap region 1 cards per card region 4096
 CPUs: 4 total, 4 available
 Memory: 8191M
 Large Page Support: Disabled
 NUMA Support: Disabled
 Compressed Oops: Enabled (Zero based)
 Heap Region Size: 2M
 Heap Min Capacity: 8M
 Heap Initial Capacity: 128M
 Heap Max Capacity: 3G
 Pre-touch: Disabled
 Parallel Workers: 4
 Concurrent Workers: 1
 Concurrent Refinement Workers: 4
 Periodic GC: Disabled
Heap:
 garbage-first heap   total reserved 3145728K, committed 184320K, used 89913K [0x0000000740000000, 0x0000000800000000)
  region size 2048K, 11 young (22528K), 3 survivors (6144K)
 Metaspace       used 101338K, committed 106304K, reserved 1179648K
  class space    used 11555K, committed 13376K, reserved 1048576K
GC Heap History (20 events):
Event: 65.227 GC heap before
{Heap before GC invocations=33 (full 0):
 garbage-first heap   total reserved 3145728K, committed 159744K, used 144014K [0x0000000740000000, 0x0000000800000000)
  region size 2048K, 30 young (61440K), 2 survivors (4096K)
 Metaspace       used 91510K, committed 93952K, reserved 1179648K
  class space    used 10669K, committed 11776K, reserved 1048576K
}
Event: 65.241 GC heap after
{Heap after GC invocations=34 (full 0):
 garbage-first heap   total reserved 3145728K, committed 159744K, used 91113K [0x0000000740000000, 0x0000000800000000)
  region size 2048K, 4 young (8192K), 4 survivors (8192K)
 Metaspace       used 91510K, committed 93952K, reserved 1179648K
  class space    used 10669K, committed 11776K, reserved 1048576K
}
Event: 67.856 GC heap before
{Heap before GC invocations=34 (full 0):
 garbage-first heap   total reserved 3145728K, committed 159744K, used 140265K [0x0000000740000000, 0x0000000800000000)
  region size 2048K, 28 young (57344K), 4 survivors (8192K)
 Metaspace       used 92918K, committed 95360K, reserved 1179648K
  class space    used 10884K, committed 11968K, reserved 1048576K
}
Event: 67.892 GC heap after
{Heap after GC invocations=35 (full 0):
 garbage-first heap   total reserved 3145728K, committed 159744K, used 95241K [0x0000000740000000, 0x0000000800000000)
  region size 2048K, 3 young (6144K), 3 survivors (6144K)
 Metaspace       used 92918K, committed 95360K, reserved 1179648K
  class space    used 10884K, committed 11968K, reserved 1048576K
}
Event: 74.573 GC heap before
{Heap before GC invocations=35 (full 0):
 garbage-first heap   total reserved 3145728K, committed 159744K, used 142345K [0x0000000740000000, 0x0000000800000000)
  region size 2048K, 26 young (53248K), 3 survivors (6144K)
 Metaspace       used 94601K, committed 97088K, reserved 1179648K
  class space    used 11058K, committed 12224K, reserved 1048576K
}
Event: 74.595 GC heap after
{Heap after GC invocations=36 (full 0):
 garbage-first heap   total reserved 3145728K, committed 159744K, used 101485K [0x0000000740000000, 0x0000000800000000)
  region size 2048K, 3 young (6144K), 3 survivors (6144K)
 Metaspace       used 94601K, committed 97088K, reserved 1179648K
  class space    used 11058K, committed 12224K, reserved 1048576K
}
Event: 79.387 GC heap before
{Heap before GC invocations=37 (full 0):
 garbage-first heap   total reserved 3145728K, committed 172032K, used 140397K [0x0000000740000000, 0x0000000800000000)
  region size 2048K, 23 young (47104K), 3 survivors (6144K)
 Metaspace       used 96991K, committed 99456K, reserved 1179648K
  class space    used 11470K, committed 12608K, reserved 1048576K
}
Event: 79.404 GC heap after
{Heap after GC invocations=38 (full 0):
 garbage-first heap   total reserved 3145728K, committed 172032K, used 104341K [0x0000000740000000, 0x0000000800000000)
  region size 2048K, 2 young (4096K), 2 survivors (4096K)
 Metaspace       used 96991K, committed 99456K, reserved 1179648K
  class space    used 11470K, committed 12608K, reserved 1048576K
}
Event: 166.462 GC heap before
{Heap before GC invocations=38 (full 0):
 garbage-first heap   total reserved 3145728K, committed 172032K, used 153493K [0x0000000740000000, 0x0000000800000000)
  region size 2048K, 27 young (55296K), 2 survivors (4096K)
 Metaspace       used 101324K, committed 103808K, reserved 1179648K
  class space    used 12032K, committed 13184K, reserved 1048576K
}
Event: 166.479 GC heap after
{Heap after GC invocations=39 (full 0):
 garbage-first heap   total reserved 3145728K, committed 172032K, used 106828K [0x0000000740000000, 0x0000000800000000)
  region size 2048K, 3 young (6144K), 3 survivors (6144K)
 Metaspace       used 101324K, committed 103808K, reserved 1179648K
  class space    used 12032K, committed 13184K, reserved 1048576K
}
Event: 320.985 GC heap before
{Heap before GC invocations=39 (full 0):
 garbage-first heap   total reserved 3145728K, committed 172032K, used 153932K [0x0000000740000000, 0x0000000800000000)
  region size 2048K, 26 young (53248K), 3 survivors (6144K)
 Metaspace       used 102294K, committed 104704K, reserved 1179648K
  class space    used 12099K, committed 13184K, reserved 1048576K
}
Event: 321.001 GC heap after
{Heap after GC invocations=40 (full 0):
 garbage-first heap   total reserved 3145728K, committed 172032K, used 108769K [0x0000000740000000, 0x0000000800000000)
  region size 2048K, 3 young (6144K), 3 survivors (6144K)
 Metaspace       used 102294K, committed 104704K, reserved 1179648K
  class space    used 12099K, committed 13184K, reserved 1048576K
}
Event: 1508.426 GC heap before
{Heap before GC invocations=41 (full 0):
 garbage-first heap   total reserved 3145728K, committed 184320K, used 153825K [0x0000000740000000, 0x0000000800000000)
  region size 2048K, 25 young (51200K), 3 survivors (6144K)
 Metaspace       used 103416K, committed 105984K, reserved 1179648K
  class space    used 12213K, committed 13376K, reserved 1048576K
}
Event: 1508.496 GC heap after
{Heap after GC invocations=42 (full 0):
 garbage-first heap   total reserved 3145728K, committed 184320K, used 109201K [0x0000000740000000, 0x0000000800000000)
  region size 2048K, 2 young (4096K), 2 survivors (4096K)
 Metaspace       used 103416K, committed 105984K, reserved 1179648K
  class space    used 12213K, committed 13376K, reserved 1048576K
}
Event: 3473.324 GC heap before
{Heap before GC invocations=42 (full 0):
 garbage-first heap   total reserved 3145728K, committed 184320K, used 164497K [0x0000000740000000, 0x0000000800000000)
  region size 2048K, 30 young (61440K), 2 survivors (4096K)
 Metaspace       used 103689K, committed 106240K, reserved 1179648K
  class space    used 12214K, committed 13376K, reserved 1048576K
}
Event: 3473.456 GC heap after
{Heap after GC invocations=43 (full 0):
 garbage-first heap   total reserved 3145728K, committed 184320K, used 107205K [0x0000000740000000, 0x0000000800000000)
  region size 2048K, 1 young (2048K), 1 survivors (2048K)
 Metaspace       used 103689K, committed 106240K, reserved 1179648K
  class space    used 12214K, committed 13376K, reserved 1048576K
}
Event: 3921.609 GC heap before
{Heap before GC invocations=43 (full 0):
 garbage-first heap   total reserved 3145728K, committed 184320K, used 115397K [0x0000000740000000, 0x0000000800000000)
  region size 2048K, 6 young (12288K), 1 survivors (2048K)
 Metaspace       used 103708K, committed 106240K, reserved 1179648K
  class space    used 12214K, committed 13376K, reserved 1048576K
}
Event: 3922.035 GC heap after
{Heap after GC invocations=44 (full 1):
 garbage-first heap   total reserved 3145728K, committed 184320K, used 73366K [0x0000000740000000, 0x0000000800000000)
  region size 2048K, 0 young (0K), 0 survivors (0K)
 Metaspace       used 100353K, committed 106240K, reserved 1179648K
  class space    used 11397K, committed 13376K, reserved 1048576K
}
Event: 5087.787 GC heap before
{Heap before GC invocations=44 (full 1):
 garbage-first heap   total reserved 3145728K, committed 184320K, used 163478K [0x0000000740000000, 0x0000000800000000)
  region size 2048K, 44 young (90112K), 0 survivors (0K)
 Metaspace       used 101295K, committed 106304K, reserved 1179648K
  class space    used 11558K, committed 13376K, reserved 1048576K
}
Event: 5087.810 GC heap after
{Heap after GC invocations=45 (full 1):
 garbage-first heap   total reserved 3145728K, committed 184320K, used 77625K [0x0000000740000000, 0x0000000800000000)
  region size 2048K, 3 young (6144K), 3 survivors (6144K)
 Metaspace       used 101295K, committed 106304K, reserved 1179648K
  class space    used 11558K, committed 13376K, reserved 1048576K
}

